<?xml version="1.0" encoding="UTF-8"?>
<robot generator="Robot 7.1.1 (Python 3.12.8 on win32)" generated="2025-01-26T21:43:45.269059" rpa="false" schemaversion="5">
<suite id="s1" name="testDemo3" source="D:\source\PythonProject\RobotFramework\tests\testDemo3.robot">
<test id="s1-t1" name="Navigate to Free Access Page" line="23">
<kw name="Set Selenium Implicit Wait" owner="SeleniumLibrary">
<arg>${IMPLICIT_WAIT}</arg>
<doc>Sets the implicit wait value used by Selenium.</doc>
<status status="PASS" start="2025-01-26T21:43:45.475388" elapsed="0.000000"/>
</kw>
<kw name="Given the user has accessed the 'https://rahulshettyacademy.com/loginpagePractise/' web page" source_name="the user has accessed the '${link}' web page">
<kw name="Open Page" owner="OpenBrowser">
<msg time="2025-01-26T21:43:45.476456" level="INFO">Creating an instance of the Chrome WebDriver.</msg>
<msg time="2025-01-26T21:43:47.027909" level="INFO">Opening url 'https://rahulshettyacademy.com/loginpagePractise/'</msg>
<arg>${link}</arg>
<arg>Chrome</arg>
<arg>windows</arg>
<status status="PASS" start="2025-01-26T21:43:45.476456" elapsed="2.582342"/>
</kw>
<status status="PASS" start="2025-01-26T21:43:45.476456" elapsed="2.583342"/>
</kw>
<kw name="When the user clicks the new window link with text Free Access to InterviewQues/ResumeAssistance/Material" source_name="the user clicks the new window link with text ${link_text}">
<kw name="Click Link" owner="SeleniumLibrary">
<msg time="2025-01-26T21:43:48.060797" level="INFO">Clicking link 'Free Access to InterviewQues/ResumeAssistance/Material'.</msg>
<arg>${link_text}</arg>
<doc>Clicks a link identified by ``locator``.</doc>
<status status="PASS" start="2025-01-26T21:43:48.059798" elapsed="0.089999"/>
</kw>
<kw name="Switch Window" owner="SeleniumLibrary">
<arg>New</arg>
<doc>Switches to browser window matching ``locator``.</doc>
<status status="PASS" start="2025-01-26T21:43:48.150796" elapsed="0.011998"/>
</kw>
<kw name="Get Title" owner="SeleniumLibrary">
<msg time="2025-01-26T21:43:50.748822" level="INFO">${title} = RS Academy</msg>
<var>${title}</var>
<doc>Returns the title of the current page.</doc>
<status status="PASS" start="2025-01-26T21:43:48.162794" elapsed="2.586028"/>
</kw>
<kw name="Log" owner="BuiltIn">
<msg time="2025-01-26T21:43:50.748822" level="INFO">RS Academy</msg>
<arg>${title}</arg>
<doc>Logs the given message with the given level.</doc>
<status status="PASS" start="2025-01-26T21:43:50.748822" elapsed="0.000000"/>
</kw>
<status status="PASS" start="2025-01-26T21:43:48.059798" elapsed="2.689024"/>
</kw>
<kw name="Then the user verifies text 'DOCUMENTS REQUEST' on the page" source_name="the user verifies text '${expected_text}' on the page">
<kw name="Element Text Should Be" owner="SeleniumLibrary">
<msg time="2025-01-26T21:43:50.749821" level="INFO">Verifying element 'css:div.inner-box h1' contains exact text 'DOCUMENTS REQUEST'.</msg>
<arg>css:div.inner-box h1</arg>
<arg>${expected_text.upper()}</arg>
<doc>Verifies that element ``locator`` contains exact the text ``expected``.</doc>
<status status="PASS" start="2025-01-26T21:43:50.749821" elapsed="0.017002"/>
</kw>
<kw name="Log" owner="BuiltIn">
<msg time="2025-01-26T21:43:50.766823" level="INFO">DOCUMENTS REQUEST</msg>
<arg>${expected_text}</arg>
<doc>Logs the given message with the given level.</doc>
<status status="PASS" start="2025-01-26T21:43:50.766823" elapsed="0.000000"/>
</kw>
<status status="PASS" start="2025-01-26T21:43:50.749821" elapsed="0.017002"/>
</kw>
<kw name="Then the user navigates to the 'Join Now' page" source_name="the user navigates to the '${link}' page">
<kw name="Click Link" owner="SeleniumLibrary">
<msg time="2025-01-26T21:43:50.767822" level="INFO">Clicking link 'JOIN NOW'.</msg>
<arg>${link.upper()}</arg>
<doc>Clicks a link identified by ``locator``.</doc>
<status status="PASS" start="2025-01-26T21:43:50.767822" elapsed="2.884165"/>
</kw>
<status status="PASS" start="2025-01-26T21:43:50.767822" elapsed="2.884165"/>
</kw>
<kw name="And the user verifies the 'Sign Up' in on page" source_name="the user verifies the '${expected_text}' in on page">
<kw name="Element Should Contain" owner="SeleniumLibrary">
<msg time="2025-01-26T21:43:53.703941" level="INFO">Element 'xpath://div/h3' contains text 'Sign Up'.</msg>
<arg>xpath://div/h3</arg>
<arg>${expected_text}</arg>
<doc>Verifies that element ``locator`` contains text ``expected``.</doc>
<status status="PASS" start="2025-01-26T21:43:53.653811" elapsed="0.050130"/>
</kw>
<kw name="Log" owner="BuiltIn">
<msg time="2025-01-26T21:43:53.704825" level="INFO">Sign Up</msg>
<arg>${expected_text}</arg>
<doc>Logs the given message with the given level.</doc>
<status status="PASS" start="2025-01-26T21:43:53.703941" elapsed="0.000884"/>
</kw>
<status status="PASS" start="2025-01-26T21:43:53.652874" elapsed="0.051951"/>
</kw>
<kw name="Close Browser" owner="SeleniumLibrary" type="TEARDOWN">
<doc>Closes the current browser.</doc>
<status status="PASS" start="2025-01-26T21:43:53.704825" elapsed="2.537167"/>
</kw>
<tag>SMOKE</tag>
<status status="PASS" start="2025-01-26T21:43:45.474534" elapsed="10.767458"/>
</test>
<doc>To Validate the Login form</doc>
<status status="PASS" start="2025-01-26T21:43:45.271027" elapsed="10.971966"/>
</suite>
<statistics>
<total>
<stat pass="1" fail="0" skip="0">All Tests</stat>
</total>
<tag>
<stat pass="1" fail="0" skip="0">SMOKE</stat>
</tag>
<suite>
<stat pass="1" fail="0" skip="0" id="s1" name="testDemo3">testDemo3</stat>
</suite>
</statistics>
<errors>
</errors>
</robot>
