<?xml version="1.0" encoding="UTF-8"?>
<robot generator="Robot 7.1.1 (Python 3.12.7 on win32)" generated="2024-11-28T13:06:21.899316" rpa="false" schemaversion="5">
<suite id="s1" name="Test Demo7" source="D:\source\PythonProject\RobotFramework\tests\api_test\test_demo7.robot">
<test id="s1-t1" name="Add Book into Library Database" line="27">
<kw name="Create Dictionary" owner="BuiltIn">
<msg time="2024-11-28T13:06:22.292709" level="INFO">&amp;{req_body} = { name=Learn Robot/Selenium Frameworks | isbn=teryerty | aisle=5364 | author=Jason Todd }</msg>
<var>&amp;{req_body}</var>
<arg>name=Learn Robot/Selenium Frameworks</arg>
<arg>isbn=teryerty</arg>
<arg>aisle=5364</arg>
<arg>author=Jason Todd</arg>
<doc>Creates and returns a dictionary based on the given ``items``.</doc>
<status status="PASS" start="2024-11-28T13:06:22.292709" elapsed="0.000000"/>
</kw>
<kw name="POST" owner="RequestsLibrary">
<msg time="2024-11-28T13:06:23.151143" level="INFO">POST Request : url=https://rahulshettyacademy.com/Library/Addbook.php 
 path_url=/Library/Addbook.php 
 headers={'User-Agent': 'python-requests/2.32.3', 'Accept-Encoding': 'gzip, deflate', 'Accept': '*/*', 'Connection': 'keep-alive', 'Content-Length': '104', 'Content-Type': 'application/json'} 
 body=b'{"name": "Learn Robot/Selenium Frameworks", "isbn": "teryerty", "aisle": "5364", "author": "Jason Todd"}' 
 </msg>
<msg time="2024-11-28T13:06:23.151143" level="INFO">POST Response : url=https://rahulshettyacademy.com/Library/Addbook.php 
 status=200, reason=OK 
 headers={'Date': 'Thu, 28 Nov 2024 18:06:22 GMT', 'Server': 'Apache/2.4.52 (Ubuntu)', 'Access-Control-Allow-Origin': '*', 'Access-Control-Allow-Methods': 'POST', 'Access-Control-Max-Age': '3600', 'Access-Control-Allow-Headers': 'Content-Type, Access-Control-Allow-Headers, Authorization, X-Requested-With', 'Content-Length': '48', 'Keep-Alive': 'timeout=5, max=100', 'Connection': 'Keep-Alive', 'Content-Type': 'application/json;charset=UTF-8'} 
 body={"Msg":"successfully added","ID":"teryerty5364"} 
 </msg>
<msg time="2024-11-28T13:06:23.151143" level="INFO">${response} = &lt;Response [200]&gt;</msg>
<var>${response}</var>
<arg>${base_url}/Library/Addbook.php</arg>
<arg>json=${req_body}</arg>
<doc>Sends a POST request.</doc>
<status status="PASS" start="2024-11-28T13:06:22.292709" elapsed="0.858434"/>
</kw>
<kw name="Log" owner="BuiltIn">
<msg time="2024-11-28T13:06:23.152215" level="INFO">{'Msg': 'successfully added', 'ID': 'teryerty5364'}</msg>
<arg>${response.json()}</arg>
<doc>Logs the given message with the given level.</doc>
<status status="PASS" start="2024-11-28T13:06:23.152215" elapsed="0.000000"/>
</kw>
<kw name="Dictionary Should Contain Key" owner="Collections">
<arg>${response.json()}</arg>
<arg>ID</arg>
<doc>Fails if ``key`` is not found from ``dictionary``.</doc>
<status status="PASS" start="2024-11-28T13:06:23.152215" elapsed="0.000942"/>
</kw>
<kw name="Get From Dictionary" owner="Collections">
<msg time="2024-11-28T13:06:23.153157" level="INFO">${book_id} = teryerty5364</msg>
<var>${book_id}</var>
<arg>${response.json()}</arg>
<arg>ID</arg>
<doc>Returns a value from the given ``dictionary`` based on the given ``key``.</doc>
<status status="PASS" start="2024-11-28T13:06:23.153157" elapsed="0.000000"/>
</kw>
<kw name="Log" owner="BuiltIn">
<msg time="2024-11-28T13:06:23.154250" level="INFO">teryerty5364</msg>
<arg>${book_id}</arg>
<doc>Logs the given message with the given level.</doc>
<status status="PASS" start="2024-11-28T13:06:23.154250" elapsed="0.000000"/>
</kw>
<kw name="Dictionary Should Contain Key" owner="Collections">
<arg>${response.json()}</arg>
<arg>Msg</arg>
<doc>Fails if ``key`` is not found from ``dictionary``.</doc>
<status status="PASS" start="2024-11-28T13:06:23.154250" elapsed="0.000912"/>
</kw>
<kw name="Get From Dictionary" owner="Collections">
<msg time="2024-11-28T13:06:23.155162" level="INFO">${book_msg} = successfully added</msg>
<var>${book_msg}</var>
<arg>${response.json()}</arg>
<arg>Msg</arg>
<doc>Returns a value from the given ``dictionary`` based on the given ``key``.</doc>
<status status="PASS" start="2024-11-28T13:06:23.155162" elapsed="0.000000"/>
</kw>
<kw name="Log" owner="BuiltIn">
<msg time="2024-11-28T13:06:23.155162" level="INFO">successfully added</msg>
<arg>${book_msg}</arg>
<doc>Logs the given message with the given level.</doc>
<status status="PASS" start="2024-11-28T13:06:23.155162" elapsed="0.001089"/>
</kw>
<kw name="Should Be Equal As Strings" owner="BuiltIn">
<arg>${response.json()}[Msg]</arg>
<arg>successfully added</arg>
<doc>Fails if objects are unequal after converting them to strings.</doc>
<status status="PASS" start="2024-11-28T13:06:23.157338" elapsed="0.000000"/>
</kw>
<status status="PASS" start="2024-11-28T13:06:22.291711" elapsed="0.865627"/>
</test>
<status status="PASS" start="2024-11-28T13:06:21.900414" elapsed="1.257729"/>
</suite>
<statistics>
<total>
<stat pass="1" fail="0" skip="0">All Tests</stat>
</total>
<tag>
</tag>
<suite>
<stat pass="1" fail="0" skip="0" id="s1" name="Test Demo7">Test Demo7</stat>
</suite>
</statistics>
<errors>
</errors>
</robot>
