<?xml version="1.0" encoding="UTF-8"?>
<robot generator="Robot 7.1.1 (Python 3.12.8 on win32)" generated="2025-01-28T23:45:07.943208" rpa="false" schemaversion="5">
<suite id="s1" name="testDemo7 gerkin" source="D:\source\PythonProject\RobotFramework\tests\testDemo7_gerkin.robot">
<test id="s1-t1" name="Log into Shetty Academy Webpage and add items to the cart" line="17">
<kw name="Set Selenium Implicit Wait" owner="SeleniumLibrary">
<arg>${IMPLICIT_WAIT}</arg>
<doc>Sets the implicit wait value used by Selenium.</doc>
<status status="PASS" start="2025-01-28T23:45:08.152010" elapsed="0.001000"/>
</kw>
<kw name="Given the user open Firefox browser and navigates to the 'https://rahulshettyacademy.com/loginpagePractise/' page" source_name="the user open ${browser_name} browser and navigates to the '${url}' page">
<kw name="Open Page" owner="OpenBrowser">
<msg time="2025-01-28T23:45:08.154014" level="INFO">Creating an instance of the Firefox WebDriver.</msg>
<msg time="2025-01-28T23:45:13.031669" level="INFO">Opening url 'https://rahulshettyacademy.com/loginpagePractise/'</msg>
<arg>${url}</arg>
<arg>${browser_name}</arg>
<arg>windows</arg>
<status status="PASS" start="2025-01-28T23:45:08.154014" elapsed="5.926915"/>
</kw>
<doc>This keyword opens the browser and navigates to the page
 with the given URL</doc>
<status status="PASS" start="2025-01-28T23:45:08.153010" elapsed="5.927919"/>
</kw>
<kw name="Then the user enters rahulshettyacademy and learning" source_name="the user enters ${username} and ${password}">
<kw name="Input Text" owner="SeleniumLibrary">
<msg time="2025-01-28T23:45:14.080929" level="INFO">Typing text 'rahulshettyacademy' into text field 'id:username'.</msg>
<arg>id:username</arg>
<arg>${username}</arg>
<doc>Types the given ``text`` into the text field identified by ``locator``.</doc>
<status status="PASS" start="2025-01-28T23:45:14.080929" elapsed="0.055675"/>
</kw>
<kw name="Input Text" owner="SeleniumLibrary">
<msg time="2025-01-28T23:45:14.136604" level="INFO">Typing text 'learning' into text field 'id:password'.</msg>
<arg>id:password</arg>
<arg>${password}</arg>
<doc>Types the given ``text`` into the text field identified by ``locator``.</doc>
<status status="PASS" start="2025-01-28T23:45:14.136604" elapsed="0.010174"/>
</kw>
<doc>This keyword enters the username and password</doc>
<status status="PASS" start="2025-01-28T23:45:14.080929" elapsed="0.065849"/>
</kw>
<kw name="Then the user ticks 'admin' type and selects 'student' from drop-down" source_name="the user ticks ${privilege_type} type and selects ${user_type} from drop-down">
<kw name="Click Element" owner="SeleniumLibrary">
<msg time="2025-01-28T23:45:14.147778" level="INFO">Clicking element 'css:input[value='admin']'.</msg>
<arg>css:input[value=${privilege_type}]</arg>
<doc>Click the element identified by ``locator``.</doc>
<status status="PASS" start="2025-01-28T23:45:14.147778" elapsed="0.208969"/>
</kw>
<kw name="Sleep" owner="BuiltIn">
<msg time="2025-01-28T23:45:19.357252" level="INFO">Slept 5 seconds.</msg>
<arg>5s</arg>
<doc>Pauses the test executed for the given time.</doc>
<status status="PASS" start="2025-01-28T23:45:14.356747" elapsed="5.000505"/>
</kw>
<doc>This keyword ticks the privilege type and selects the user type
 from the drop-down</doc>
<status status="PASS" start="2025-01-28T23:45:14.147778" elapsed="5.209474"/>
</kw>
<kw name="Close Browser" owner="SeleniumLibrary" type="TEARDOWN">
<doc>Closes the current browser.</doc>
<status status="PASS" start="2025-01-28T23:45:19.357252" elapsed="2.619876"/>
</kw>
<tag>SMOKE</tag>
<status status="PASS" start="2025-01-28T23:45:08.151011" elapsed="13.826270"/>
</test>
<status status="PASS" start="2025-01-28T23:45:07.943208" elapsed="14.034582"/>
</suite>
<statistics>
<total>
<stat pass="1" fail="0" skip="0">All Tests</stat>
</total>
<tag>
<stat pass="1" fail="0" skip="0">SMOKE</stat>
</tag>
<suite>
<stat pass="1" fail="0" skip="0" id="s1" name="testDemo7 gerkin">testDemo7 gerkin</stat>
</suite>
</statistics>
<errors>
</errors>
</robot>
